-------------------------------------------------------------------------------
Test set: com.automationexercise.runner.TestRunner
-------------------------------------------------------------------------------
Tests run: 14, Failures: 1, Errors: 0, Skipped: 0, Time elapsed: 74.406 s <<< FAILURE! - in com.automationexercise.runner.TestRunner
get user account details(Product management)  Time elapsed: 0.598 s  <<< FAILURE!
java.lang.AssertionError: expected:<User updated!> but was:<null>

