<?xml version="1.0" encoding="UTF-8" standalone="no"?><testsuite errors="0" failures="0" name="Product management" skipped="0" tests="14" time="17.99" timestamp="2023-07-22 12:08:34"><testcase name="get products"/><testcase name="Add product"/><testcase name="Get Brands"/><testcase name="create Brands"/><testcase name="search product"/><testcase name="search product without param"/><testcase name="login with valid credentials"/><testcase name="login without valid credentials"/><testcase name="verify delete login"/><testcase name="login with invalid credentials"/><testcase name="create user"/><testcase name="update user"/><testcase name="Delete user"/><testcase name="get user account details"/></testsuite>