<?xml version="1.0" encoding="UTF-8" standalone="no"?><testsuite errors="0" failures="1" name="Product management" skipped="0" tests="14" time="27.06" timestamp="2023-11-12 05:06:40"><testcase name="get products"/><testcase name="Add product"/><testcase name="Get Brands"/><testcase name="create Brands"/><testcase name="search product"/><testcase name="search product without param"/><testcase name="login with valid credentials"/><testcase name="login without valid credentials"/><testcase name="verify delete login"/><testcase name="login with invalid credentials"/><testcase name="create user"/><testcase name="update user"/><testcase name="Delete user"/><testcase name="get user account details"><failure message="expected:&lt;User updated!&gt; but was:&lt;null&gt;" type="java.lang.AssertionError">expected:&lt;User updated!&gt; but was:&lt;null&gt;</failure><system-err>expected:&lt;User updated!&gt; but was:&lt;null&gt;&#13;
com.automationexercise.steps.GetAllProductLis.lambda$validateMessageBody$0(GetAllProductLis.java:173)&#13;
com.automationexercise.steps.GetAllProductLis.validateMessageBody(GetAllProductLis.java:173)&#13;
com.automationexercise.stepdef.StepDefAutomationExercise.user_responsemessage_as(StepDefAutomationExercise.java:126)&#13;
✽.User responsemessage as "User updated!"(file:///C:/Users/RA20312005/Documents/22-23%20Poc/AutomationExerciseApi/src/test/resources/features/addproducts.feature:136)&#13;
</system-err></testcase></testsuite>